<?xml version="1.0" encoding="UTF-8"?>
<!-- Generated by org.testng.reporters.JUnitReportReporter -->
<testsuite hostname="Nikitha-Laptop2024" failures="0" tests="1" name="pizzahut001.NewTest" time="0.005" errors="0" timestamp="2023-12-06T13:48:32 IST" skipped="0">
  <testcase classname="pizzahut001.NewTest" name="f" time="0.005"/>
</testsuite> <!-- pizzahut001.NewTest -->
