<?xml version="1.0" encoding="UTF-8"?>
<!-- Generated by org.testng.reporters.JUnitReportReporter -->
<testsuite hostname="Nikitha-Laptop2024" failures="0" tests="16" name="Tests.NewTest" time="15.953" errors="0" timestamp="2023-12-09T21:14:28 IST" skipped="0">
  <testcase classname="Tests.NewTest" name="LaunchURL" time="4.697"/>
  <testcase classname="Tests.NewTest" name="CloseBlackScreen" time="0.087"/>
  <testcase classname="Tests.NewTest" name="blackScreenCheck" time="1.395"/>
  <testcase classname="Tests.NewTest" name="Location" time="0.159"/>
  <testcase classname="Tests.NewTest" name="verifyURLDeals" time="0.922"/>
  <testcase classname="Tests.NewTest" name="selectSidesTab" time="2.233"/>
  <testcase classname="Tests.NewTest" name="selectDrinksTab" time="1.723"/>
  <testcase classname="Tests.NewTest" name="checkout" time="0.621"/>
  <testcase classname="Tests.NewTest" name="onlinePayment" time="0.144"/>
  <testcase classname="Tests.NewTest" name="cashPayment" time="0.257"/>
  <testcase classname="Tests.NewTest" name="agreeCheck" time="0.067"/>
  <testcase classname="Tests.NewTest" name="checkoutDetails" time="1.785"/>
  <testcase classname="Tests.NewTest" name="GiftcardPopUp" time="0.292"/>
  <testcase classname="Tests.NewTest" name="Voucher" time="1.466"/>
  <testcase classname="Tests.NewTest" name="closePopUp" time="0.082"/>
  <testcase classname="Tests.NewTest" name="verifyBasketPage" time="0.023"/>
</testsuite> <!-- Tests.NewTest -->
